<?xml version="1.0" encoding="UTF-8"?>
<testng-results ignored="0" total="1" passed="1" failed="0" skipped="0">
  <reporter-output>
  </reporter-output>
  <suite started-at="2021-03-31T11:27:30 PKT" name="Default suite" finished-at="2021-03-31T11:27:52 PKT" duration-ms="21183">
    <groups>
    </groups>
    <test started-at="2021-03-31T11:27:30 PKT" name="Default test" finished-at="2021-03-31T11:27:52 PKT" duration-ms="21183">
      <class name="testcases.LoginSpicejetApplication">
        <test-method signature="SpicejetLogin()[pri:0, instance:testcases.LoginSpicejetApplication@15ca7889]" started-at="2021-03-31T11:27:30 PKT" name="SpicejetLogin" finished-at="2021-03-31T11:27:52 PKT" duration-ms="21133" status="PASS">
          <reporter-output>
          </reporter-output>
        </test-method> <!-- SpicejetLogin -->
      </class> <!-- testcases.LoginSpicejetApplication -->
    </test> <!-- Default test -->
  </suite> <!-- Default suite -->
</testng-results>
